<?xml version="1.0" encoding="UTF-8"?>
<testng-results skipped="0" failed="0" ignored="0" total="0" passed="0">
  <reporter-output>
  </reporter-output>
  <suite name="Default Suite" duration-ms="32579" started-at="2023-01-01T14:19:36 EET" finished-at="2023-01-01T14:20:08 EET">
    <groups>
    </groups>
    <test name="iosChallenge" duration-ms="32579" started-at="2023-01-01T14:19:36 EET" finished-at="2023-01-01T14:20:08 EET">
      <class name="firstLogin">
        <test-method status="PASS" signature="setUp()[pri:0, instance:firstLogin@3327bd23]" name="setUp" is-config="true" duration-ms="32541" started-at="2023-01-01T14:19:36 EET" finished-at="2023-01-01T14:20:08 EET">
          <reporter-output>
          </reporter-output>
        </test-method> <!-- setUp -->
      </class> <!-- firstLogin -->
    </test> <!-- iosChallenge -->
  </suite> <!-- Default Suite -->
</testng-results>
